2022-03-03 00:01:14.245  INFO 28556 --- [restartedMain] l.suwei.community2.CommunityApplication  : Starting CommunityApplication on LAPTOP-TB591ON3 with PID 28556 (started by Lenovo in D:\毕设\Springbootbbs\community2)
2022-03-03 00:01:14.267  INFO 28556 --- [restartedMain] l.suwei.community2.CommunityApplication  : No active profile set, falling back to default profiles: default
2022-03-03 00:01:14.365  INFO 28556 --- [restartedMain] .e.DevToolsPropertyDefaultsPostProcessor : Devtools property defaults active! Set 'spring.devtools.add-properties' to 'false' to disable
2022-03-03 00:01:14.365  INFO 28556 --- [restartedMain] .e.DevToolsPropertyDefaultsPostProcessor : For additional web related logging consider setting the 'logging.level.web' property to 'DEBUG'
2022-03-03 00:01:17.392  INFO 28556 --- [restartedMain] o.s.b.w.embedded.tomcat.TomcatWebServer  : Tomcat initialized with port(s): 8080 (http)
2022-03-03 00:01:17.437  INFO 28556 --- [restartedMain] o.apache.catalina.core.StandardService   : Starting service [Tomcat]
2022-03-03 00:01:17.437  INFO 28556 --- [restartedMain] org.apache.catalina.core.StandardEngine  : Starting Servlet engine: [Apache Tomcat/9.0.17]
2022-03-03 00:01:17.588  INFO 28556 --- [restartedMain] o.a.c.c.C.[Tomcat].[localhost].[/]       : Initializing Spring embedded WebApplicationContext
2022-03-03 00:01:17.588  INFO 28556 --- [restartedMain] o.s.web.context.ContextLoader            : Root WebApplicationContext: initialization completed in 3222 ms
2022-03-03 00:01:18.447  INFO 28556 --- [restartedMain] o.s.s.concurrent.ThreadPoolTaskExecutor  : Initializing ExecutorService 'applicationTaskExecutor'
2022-03-03 00:01:18.607  INFO 28556 --- [restartedMain] o.s.b.a.w.s.WelcomePageHandlerMapping    : Adding welcome page template: index
2022-03-03 00:01:18.724  INFO 28556 --- [restartedMain] o.f.c.internal.license.VersionPrinter    : Flyway Community Edition 5.2.4 by Boxfuse
2022-03-03 00:01:18.726  INFO 28556 --- [restartedMain] com.zaxxer.hikari.HikariDataSource       : HikariPool-1 - Starting...
2022-03-03 00:01:18.929  INFO 28556 --- [restartedMain] com.zaxxer.hikari.HikariDataSource       : HikariPool-1 - Start completed.
2022-03-03 00:01:18.933  INFO 28556 --- [restartedMain] o.f.c.internal.database.DatabaseFactory  : Database: jdbc:mysql://localhost:3306/community2 (MySQL 8.0)
2022-03-03 00:01:19.127  INFO 28556 --- [restartedMain] o.f.core.internal.command.DbValidate     : Successfully validated 12 migrations (execution time 00:00.075s)
2022-03-03 00:01:19.142  INFO 28556 --- [restartedMain] o.f.core.internal.command.DbMigrate      : Current version of schema `community2`: 12
2022-03-03 00:01:19.143  INFO 28556 --- [restartedMain] o.f.core.internal.command.DbMigrate      : Schema `community2` is up to date. No migration necessary.
2022-03-03 00:01:19.923  INFO 28556 --- [restartedMain] o.s.b.d.a.OptionalLiveReloadServer       : LiveReload server is running on port 35729
2022-03-03 00:01:20.030  INFO 28556 --- [restartedMain] o.s.b.w.embedded.tomcat.TomcatWebServer  : Tomcat started on port(s): 8080 (http) with context path ''
2022-03-03 00:01:20.043  INFO 28556 --- [restartedMain] l.suwei.community2.CommunityApplication  : Started CommunityApplication in 6.629 seconds (JVM running for 10.108)
2022-03-03 00:02:28.407  INFO 28556 --- [http-nio-8080-exec-1] o.a.c.c.C.[Tomcat].[localhost].[/]       : Initializing Spring DispatcherServlet 'dispatcherServlet'
2022-03-03 00:02:28.408  INFO 28556 --- [http-nio-8080-exec-1] o.s.web.servlet.DispatcherServlet        : Initializing Servlet 'dispatcherServlet'
2022-03-03 00:02:28.464  INFO 28556 --- [http-nio-8080-exec-1] o.s.web.servlet.DispatcherServlet        : Completed initialization in 56 ms
2022-03-03 00:02:40.606  WARN 28556 --- [http-nio-8080-exec-5] .m.m.a.ExceptionHandlerExceptionResolver : Resolved [org.springframework.jdbc.BadSqlGrammarException: 
### Error updating database.  Cause: java.sql.SQLSyntaxErrorException: You have an error in your SQL syntax; check the manual that corresponds to your MySQL server version for the right syntax to use near '' at line 6
### The error may exist in file [D:\毕设\Springbootbbs\community2\target\classes\mapper\UserMapper.xml]
### The error may involve life.suwei.community2.mapper.UserMapper.insert-Inline
### The error occurred while setting parameters
### SQL: insert into USER (ID, ACCOUNT_ID, NAME,         TOKEN, GMT_CREATE, GMT_MODIFIED,         BIO, AVATAR_URL)         values (?, ?, ?,         ?, ?, ?,         ?, ?
### Cause: java.sql.SQLSyntaxErrorException: You have an error in your SQL syntax; check the manual that corresponds to your MySQL server version for the right syntax to use near '' at line 6
; bad SQL grammar []; nested exception is java.sql.SQLSyntaxErrorException: You have an error in your SQL syntax; check the manual that corresponds to your MySQL server version for the right syntax to use near '' at line 6]
2022-03-03 00:04:53.191  INFO 82680 --- [restartedMain] l.suwei.community2.CommunityApplication  : Starting CommunityApplication on LAPTOP-TB591ON3 with PID 82680 (started by Lenovo in D:\毕设\Springbootbbs\community2)
2022-03-03 00:04:53.219  INFO 82680 --- [restartedMain] l.suwei.community2.CommunityApplication  : No active profile set, falling back to default profiles: default
2022-03-03 00:04:53.350  INFO 82680 --- [restartedMain] .e.DevToolsPropertyDefaultsPostProcessor : Devtools property defaults active! Set 'spring.devtools.add-properties' to 'false' to disable
2022-03-03 00:04:53.350  INFO 82680 --- [restartedMain] .e.DevToolsPropertyDefaultsPostProcessor : For additional web related logging consider setting the 'logging.level.web' property to 'DEBUG'
2022-03-03 00:04:56.387  INFO 82680 --- [restartedMain] o.s.b.w.embedded.tomcat.TomcatWebServer  : Tomcat initialized with port(s): 8080 (http)
2022-03-03 00:04:56.414  INFO 82680 --- [restartedMain] o.apache.catalina.core.StandardService   : Starting service [Tomcat]
2022-03-03 00:04:56.414  INFO 82680 --- [restartedMain] org.apache.catalina.core.StandardEngine  : Starting Servlet engine: [Apache Tomcat/9.0.17]
2022-03-03 00:04:56.553  INFO 82680 --- [restartedMain] o.a.c.c.C.[Tomcat].[localhost].[/]       : Initializing Spring embedded WebApplicationContext
2022-03-03 00:04:56.553  INFO 82680 --- [restartedMain] o.s.web.context.ContextLoader            : Root WebApplicationContext: initialization completed in 3203 ms
2022-03-03 00:04:57.395  INFO 82680 --- [restartedMain] o.s.s.concurrent.ThreadPoolTaskExecutor  : Initializing ExecutorService 'applicationTaskExecutor'
2022-03-03 00:04:57.519  INFO 82680 --- [restartedMain] o.s.b.a.w.s.WelcomePageHandlerMapping    : Adding welcome page template: index
2022-03-03 00:04:57.628  INFO 82680 --- [restartedMain] o.f.c.internal.license.VersionPrinter    : Flyway Community Edition 5.2.4 by Boxfuse
2022-03-03 00:04:57.631  INFO 82680 --- [restartedMain] com.zaxxer.hikari.HikariDataSource       : HikariPool-1 - Starting...
2022-03-03 00:04:57.984  INFO 82680 --- [restartedMain] com.zaxxer.hikari.HikariDataSource       : HikariPool-1 - Start completed.
2022-03-03 00:04:57.988  INFO 82680 --- [restartedMain] o.f.c.internal.database.DatabaseFactory  : Database: jdbc:mysql://localhost:3306/community2 (MySQL 8.0)
2022-03-03 00:04:58.255  INFO 82680 --- [restartedMain] o.f.core.internal.command.DbValidate     : Successfully validated 12 migrations (execution time 00:00.162s)
2022-03-03 00:04:58.268  INFO 82680 --- [restartedMain] o.f.core.internal.command.DbMigrate      : Current version of schema `community2`: 12
2022-03-03 00:04:58.269  INFO 82680 --- [restartedMain] o.f.core.internal.command.DbMigrate      : Schema `community2` is up to date. No migration necessary.
2022-03-03 00:04:58.489  INFO 82680 --- [restartedMain] o.s.b.d.a.OptionalLiveReloadServer       : LiveReload server is running on port 35729
2022-03-03 00:04:58.571  INFO 82680 --- [restartedMain] o.s.b.w.embedded.tomcat.TomcatWebServer  : Tomcat started on port(s): 8080 (http) with context path ''
2022-03-03 00:04:58.574  INFO 82680 --- [restartedMain] l.suwei.community2.CommunityApplication  : Started CommunityApplication in 6.081 seconds (JVM running for 10.435)
2022-03-03 00:05:07.313  INFO 82680 --- [http-nio-8080-exec-1] o.a.c.c.C.[Tomcat].[localhost].[/]       : Initializing Spring DispatcherServlet 'dispatcherServlet'
2022-03-03 00:05:07.313  INFO 82680 --- [http-nio-8080-exec-1] o.s.web.servlet.DispatcherServlet        : Initializing Servlet 'dispatcherServlet'
2022-03-03 00:05:07.323  INFO 82680 --- [http-nio-8080-exec-1] o.s.web.servlet.DispatcherServlet        : Completed initialization in 10 ms
2022-03-03 00:07:48.392  INFO 80672 --- [restartedMain] l.suwei.community2.CommunityApplication  : Starting CommunityApplication on LAPTOP-TB591ON3 with PID 80672 (started by Lenovo in D:\毕设\Springbootbbs\community2)
2022-03-03 00:07:48.394  INFO 80672 --- [restartedMain] l.suwei.community2.CommunityApplication  : No active profile set, falling back to default profiles: default
2022-03-03 00:07:48.498  INFO 80672 --- [restartedMain] .e.DevToolsPropertyDefaultsPostProcessor : Devtools property defaults active! Set 'spring.devtools.add-properties' to 'false' to disable
2022-03-03 00:07:48.498  INFO 80672 --- [restartedMain] .e.DevToolsPropertyDefaultsPostProcessor : For additional web related logging consider setting the 'logging.level.web' property to 'DEBUG'
2022-03-03 00:07:50.878  INFO 80672 --- [restartedMain] o.s.b.w.embedded.tomcat.TomcatWebServer  : Tomcat initialized with port(s): 8080 (http)
2022-03-03 00:07:50.910  INFO 80672 --- [restartedMain] o.apache.catalina.core.StandardService   : Starting service [Tomcat]
2022-03-03 00:07:50.910  INFO 80672 --- [restartedMain] org.apache.catalina.core.StandardEngine  : Starting Servlet engine: [Apache Tomcat/9.0.17]
2022-03-03 00:07:51.064  INFO 80672 --- [restartedMain] o.a.c.c.C.[Tomcat].[localhost].[/]       : Initializing Spring embedded WebApplicationContext
2022-03-03 00:07:51.064  INFO 80672 --- [restartedMain] o.s.web.context.ContextLoader            : Root WebApplicationContext: initialization completed in 2566 ms
2022-03-03 00:07:51.837  INFO 80672 --- [restartedMain] o.s.s.concurrent.ThreadPoolTaskExecutor  : Initializing ExecutorService 'applicationTaskExecutor'
2022-03-03 00:07:51.947  INFO 80672 --- [restartedMain] o.s.b.a.w.s.WelcomePageHandlerMapping    : Adding welcome page template: index
2022-03-03 00:07:52.011  INFO 80672 --- [restartedMain] o.f.c.internal.license.VersionPrinter    : Flyway Community Edition 5.2.4 by Boxfuse
2022-03-03 00:07:52.013  INFO 80672 --- [restartedMain] com.zaxxer.hikari.HikariDataSource       : HikariPool-1 - Starting...
2022-03-03 00:07:52.103  INFO 80672 --- [restartedMain] com.zaxxer.hikari.HikariDataSource       : HikariPool-1 - Start completed.
2022-03-03 00:07:52.106  INFO 80672 --- [restartedMain] o.f.c.internal.database.DatabaseFactory  : Database: jdbc:mysql://localhost:3306/community2 (MySQL 8.0)
2022-03-03 00:07:52.290  INFO 80672 --- [restartedMain] o.f.core.internal.command.DbValidate     : Successfully validated 12 migrations (execution time 00:00.075s)
2022-03-03 00:07:52.301  INFO 80672 --- [restartedMain] o.f.core.internal.command.DbMigrate      : Current version of schema `community2`: 12
2022-03-03 00:07:52.302  INFO 80672 --- [restartedMain] o.f.core.internal.command.DbMigrate      : Schema `community2` is up to date. No migration necessary.
2022-03-03 00:07:52.462  INFO 80672 --- [restartedMain] o.s.b.d.a.OptionalLiveReloadServer       : LiveReload server is running on port 35729
2022-03-03 00:07:52.513  INFO 80672 --- [restartedMain] o.s.b.w.embedded.tomcat.TomcatWebServer  : Tomcat started on port(s): 8080 (http) with context path ''
2022-03-03 00:07:52.516  INFO 80672 --- [restartedMain] l.suwei.community2.CommunityApplication  : Started CommunityApplication in 4.818 seconds (JVM running for 7.819)
2022-03-03 00:08:19.866  INFO 80672 --- [http-nio-8080-exec-1] o.a.c.c.C.[Tomcat].[localhost].[/]       : Initializing Spring DispatcherServlet 'dispatcherServlet'
2022-03-03 00:08:19.866  INFO 80672 --- [http-nio-8080-exec-1] o.s.web.servlet.DispatcherServlet        : Initializing Servlet 'dispatcherServlet'
2022-03-03 00:08:19.885  INFO 80672 --- [http-nio-8080-exec-1] o.s.web.servlet.DispatcherServlet        : Completed initialization in 6 ms
2022-03-03 00:16:27.856  INFO 40580 --- [restartedMain] l.suwei.community2.CommunityApplication  : Starting CommunityApplication on LAPTOP-TB591ON3 with PID 40580 (started by Lenovo in D:\毕设\Springbootbbs\community2)
2022-03-03 00:16:27.858  INFO 40580 --- [restartedMain] l.suwei.community2.CommunityApplication  : No active profile set, falling back to default profiles: default
2022-03-03 00:16:27.964  INFO 40580 --- [restartedMain] .e.DevToolsPropertyDefaultsPostProcessor : Devtools property defaults active! Set 'spring.devtools.add-properties' to 'false' to disable
2022-03-03 00:16:27.964  INFO 40580 --- [restartedMain] .e.DevToolsPropertyDefaultsPostProcessor : For additional web related logging consider setting the 'logging.level.web' property to 'DEBUG'
2022-03-03 00:16:30.666  INFO 40580 --- [restartedMain] o.s.b.w.embedded.tomcat.TomcatWebServer  : Tomcat initialized with port(s): 8080 (http)
2022-03-03 00:16:30.694  INFO 40580 --- [restartedMain] o.apache.catalina.core.StandardService   : Starting service [Tomcat]
2022-03-03 00:16:30.694  INFO 40580 --- [restartedMain] org.apache.catalina.core.StandardEngine  : Starting Servlet engine: [Apache Tomcat/9.0.17]
2022-03-03 00:16:30.850  INFO 40580 --- [restartedMain] o.a.c.c.C.[Tomcat].[localhost].[/]       : Initializing Spring embedded WebApplicationContext
2022-03-03 00:16:30.850  INFO 40580 --- [restartedMain] o.s.web.context.ContextLoader            : Root WebApplicationContext: initialization completed in 2886 ms
2022-03-03 00:16:31.746  INFO 40580 --- [restartedMain] o.s.s.concurrent.ThreadPoolTaskExecutor  : Initializing ExecutorService 'applicationTaskExecutor'
2022-03-03 00:16:31.895  INFO 40580 --- [restartedMain] o.s.b.a.w.s.WelcomePageHandlerMapping    : Adding welcome page template: index
2022-03-03 00:16:31.980  INFO 40580 --- [restartedMain] o.f.c.internal.license.VersionPrinter    : Flyway Community Edition 5.2.4 by Boxfuse
2022-03-03 00:16:31.982  INFO 40580 --- [restartedMain] com.zaxxer.hikari.HikariDataSource       : HikariPool-1 - Starting...
2022-03-03 00:16:32.470  INFO 40580 --- [restartedMain] com.zaxxer.hikari.HikariDataSource       : HikariPool-1 - Start completed.
2022-03-03 00:16:32.473  INFO 40580 --- [restartedMain] o.f.c.internal.database.DatabaseFactory  : Database: jdbc:mysql://localhost:3306/community2 (MySQL 8.0)
2022-03-03 00:16:32.947  INFO 40580 --- [restartedMain] o.f.core.internal.command.DbValidate     : Successfully validated 12 migrations (execution time 00:00.120s)
2022-03-03 00:16:32.960  INFO 40580 --- [restartedMain] o.f.core.internal.command.DbMigrate      : Current version of schema `community2`: 12
2022-03-03 00:16:32.961  INFO 40580 --- [restartedMain] o.f.core.internal.command.DbMigrate      : Schema `community2` is up to date. No migration necessary.
2022-03-03 00:16:33.179  INFO 40580 --- [restartedMain] o.s.b.d.a.OptionalLiveReloadServer       : LiveReload server is running on port 35729
2022-03-03 00:16:33.232  INFO 40580 --- [restartedMain] o.s.b.w.embedded.tomcat.TomcatWebServer  : Tomcat started on port(s): 8080 (http) with context path ''
2022-03-03 00:16:33.234  INFO 40580 --- [restartedMain] l.suwei.community2.CommunityApplication  : Started CommunityApplication in 6.096 seconds (JVM running for 9.904)
2022-03-03 00:16:39.424  INFO 40580 --- [http-nio-8080-exec-1] o.a.c.c.C.[Tomcat].[localhost].[/]       : Initializing Spring DispatcherServlet 'dispatcherServlet'
2022-03-03 00:16:39.424  INFO 40580 --- [http-nio-8080-exec-1] o.s.web.servlet.DispatcherServlet        : Initializing Servlet 'dispatcherServlet'
2022-03-03 00:16:39.430  INFO 40580 --- [http-nio-8080-exec-1] o.s.web.servlet.DispatcherServlet        : Completed initialization in 6 ms
